Traceback (most recent call last):
  File "C:\Users\nick9\anaconda3\Lib\site-packages\jupyter_cache\executors\utils.py", line 58, in single_nb_execution
    executenb(
  File "C:\Users\nick9\anaconda3\Lib\site-packages\nbclient\client.py", line 1305, in execute
    return NotebookClient(nb=nb, resources=resources, km=km, **kwargs).execute()
           ^^^^^^^^^^^^^^^^^^^^^^^^^^^^^^^^^^^^^^^^^^^^^^^^^^^^^^^^^^^^^^^^^^^^^
  File "C:\Users\nick9\anaconda3\Lib\site-packages\jupyter_core\utils\__init__.py", line 165, in wrapped
    return loop.run_until_complete(inner)
           ^^^^^^^^^^^^^^^^^^^^^^^^^^^^^^
  File "C:\Users\nick9\anaconda3\Lib\asyncio\base_events.py", line 687, in run_until_complete
    return future.result()
           ^^^^^^^^^^^^^^^
  File "C:\Users\nick9\anaconda3\Lib\site-packages\nbclient\client.py", line 705, in async_execute
    await self.async_execute_cell(
  File "C:\Users\nick9\anaconda3\Lib\site-packages\nbclient\client.py", line 1058, in async_execute_cell
    await self._check_raise_for_error(cell, cell_index, exec_reply)
  File "C:\Users\nick9\anaconda3\Lib\site-packages\nbclient\client.py", line 914, in _check_raise_for_error
    raise CellExecutionError.from_cell_and_msg(cell, exec_reply_content)
nbclient.exceptions.CellExecutionError: An error occurred while executing the following cell:
------------------
# 1. Laad en verwerk data
df = pd.read_csv("MES_0325.csv", skiprows=6, header=None, dtype={4: str}, low_memory=False)
df.columns = ['Country', 'Time', 'Balance', 'Product', 'Value', 'Unit']
df['Value'] = pd.to_numeric(df['Value'], errors='coerce')
df = df[df['Balance'] == 'Net Electricity Production']

# Groepeer per land en product, tel alle waarden op
grouped = df.groupby(['Country', 'Product'])['Value'].sum().reset_index()

# Maak een draaitabel waarbij elke rij een land is
pivot = grouped.pivot(index='Country', columns='Product', values='Value').fillna(0)

# Voeg kolommen toe voor totaal per categorie
pivot['Fossiel'] = pivot[fossiel].sum(axis=1)
pivot['Duurzaam'] = pivot[duurzaam].sum(axis=1)

# Bereken het totale stroomverbruik per land (fossiel + duurzaam)
pivot['Totaal'] = pivot['Fossiel'] + pivot['Duurzaam']

# Bereken percentage duurzaam
pivot['% Duurzaam'] = (pivot['Duurzaam'] / pivot['Totaal']) * 100

# Sorteer van hoog naar laag
pivot_sorted = pivot.sort_values(by='% Duurzaam', ascending=False)


import matplotlib.pyplot as plt

# Pak top 10 landen met hoogste % duurzaam
top_duurzaam = pivot_sorted.head(10)

# Plot
plt.figure(figsize=(10, 6))
plt.barh(top_duurzaam.index[::-1], top_duurzaam['% Duurzaam'][::-1], color='#1b9e77')

plt.xlabel('Percentage duurzame elektriciteitsproductie')
plt.title('Top 10 landen met de schoonste stroommix (op basis van MES_0325.csv)')
plt.xlim(0, 100)
plt.grid(axis='x', linestyle='--', alpha=0.5)
plt.tight_layout()
plt.show()
------------------


[1;31m---------------------------------------------------------------------------[0m
[1;31mNameError[0m                                 Traceback (most recent call last)
Cell [1;32mIn[5], line 14[0m
[0;32m     11[0m pivot [38;5;241m=[39m grouped[38;5;241m.[39mpivot(index[38;5;241m=[39m[38;5;124m'[39m[38;5;124mCountry[39m[38;5;124m'[39m, columns[38;5;241m=[39m[38;5;124m'[39m[38;5;124mProduct[39m[38;5;124m'[39m, values[38;5;241m=[39m[38;5;124m'[39m[38;5;124mValue[39m[38;5;124m'[39m)[38;5;241m.[39mfillna([38;5;241m0[39m)
[0;32m     13[0m [38;5;66;03m# Voeg kolommen toe voor totaal per categorie[39;00m
[1;32m---> 14[0m pivot[[38;5;124m'[39m[38;5;124mFossiel[39m[38;5;124m'[39m] [38;5;241m=[39m pivot[[43mfossiel[49m][38;5;241m.[39msum(axis[38;5;241m=[39m[38;5;241m1[39m)
[0;32m     15[0m pivot[[38;5;124m'[39m[38;5;124mDuurzaam[39m[38;5;124m'[39m] [38;5;241m=[39m pivot[duurzaam][38;5;241m.[39msum(axis[38;5;241m=[39m[38;5;241m1[39m)
[0;32m     17[0m [38;5;66;03m# Bereken het totale stroomverbruik per land (fossiel + duurzaam)[39;00m

[1;31mNameError[0m: name 'fossiel' is not defined

